<?xml version="1.0" encoding="UTF-8"?>
<!-- Generated by org.testng.reporters.JUnitReportReporter -->
<testsuite skipped="1" hostname="INBook_X1" name="TheKiranAcademy.DataProviderwithExcelTest" tests="1" failures="0" timestamp="05 Jun 2022 16:44:58 GMT" time="0.000" errors="0">
  <testcase name="verifyCorrectLogin" time="0.000" classname="TheKiranAcademy.DataProviderwithExcelTest">
    <skipped/>
  </testcase> <!-- verifyCorrectLogin -->
</testsuite> <!-- TheKiranAcademy.DataProviderwithExcelTest -->
