<?xml version="1.0" encoding="UTF-8"?>
<!-- Generated by org.testng.reporters.JUnitReportReporter -->
<testsuite skipped="0" hostname="INBook_X1" name="TheKiranAcademy.DataProviderWithPOI" tests="3" failures="0" timestamp="15 Jun 2022 15:57:39 GMT" time="6.759" errors="0">
  <testcase name="loginTest" time="1.743" classname="TheKiranAcademy.DataProviderWithPOI"/>
  <testcase name="loginTest" time="3.416" classname="TheKiranAcademy.DataProviderWithPOI"/>
  <testcase name="loginTest" time="1.600" classname="TheKiranAcademy.DataProviderWithPOI"/>
</testsuite> <!-- TheKiranAcademy.DataProviderWithPOI -->
