<?xml version="1.0" encoding="UTF-8"?>
<!-- Generated by org.testng.reporters.JUnitReportReporter -->
<testsuite skipped="0" hostname="INBook_X1" name="industrial.Demo" tests="1" failures="0" timestamp="21 Jun 2022 17:47:52 GMT" time="69.952" errors="0">
  <testcase name="setup" time="69.952" classname="industrial.Demo"/>
</testsuite> <!-- industrial.Demo -->
