<?xml version="1.0" encoding="UTF-8"?>
<!-- Generated by org.testng.reporters.JUnitReportReporter -->
<testsuite skipped="0" hostname="INBook_X1" name="TheKiranAcademy.DataProviderPOI_Read_Write" tests="3" failures="0" timestamp="15 Jun 2022 17:23:30 GMT" time="11.139" errors="0">
  <testcase name="loginTest" time="3.941" classname="TheKiranAcademy.DataProviderPOI_Read_Write"/>
  <testcase name="loginTest" time="3.521" classname="TheKiranAcademy.DataProviderPOI_Read_Write"/>
  <testcase name="loginTest" time="3.677" classname="TheKiranAcademy.DataProviderPOI_Read_Write"/>
</testsuite> <!-- TheKiranAcademy.DataProviderPOI_Read_Write -->
