<?xml version="1.0" encoding="UTF-8"?>
<!-- Generated by org.testng.reporters.JUnitReportReporter -->
<testsuite skipped="0" hostname="SANDIP" name="industrial.RestAsured_Ex" tests="5" failures="0" timestamp="06 Jul 2022 08:42:49 GMT" time="8.303" errors="0">
  <testcase name="postMethod" time="1.523" classname="industrial.RestAsured_Ex"/>
  <testcase name="deleteMethod" time="2.842" classname="industrial.RestAsured_Ex"/>
  <testcase name="patchMethod" time="1.200" classname="industrial.RestAsured_Ex"/>
  <testcase name="putMethod" time="1.328" classname="industrial.RestAsured_Ex"/>
  <testcase name="getMethod" time="1.410" classname="industrial.RestAsured_Ex"/>
</testsuite> <!-- industrial.RestAsured_Ex -->
