<?xml version="1.0" encoding="UTF-8"?>
<!-- Generated by org.testng.reporters.JUnitReportReporter -->
<testsuite skipped="0" hostname="INBook_X1" name="industrial.RadioButtons" tests="1" failures="0" timestamp="27 Jun 2022 17:49:30 GMT" time="20.513" errors="0">
  <testcase name="setRadios" time="20.513" classname="industrial.RadioButtons"/>
</testsuite> <!-- industrial.RadioButtons -->
