<?xml version="1.0" encoding="UTF-8"?>
<!-- Generated by org.testng.reporters.JUnitReportReporter -->
<testsuite skipped="0" hostname="INBook_X1" name="TheKiranAcademy.Demo" tests="1" failures="0" timestamp="19 Jun 2022 14:44:35 GMT" time="2.250" errors="0">
  <testcase name="testDemo" time="2.250" classname="TheKiranAcademy.Demo"/>
</testsuite> <!-- TheKiranAcademy.Demo -->
