<?xml version="1.0" encoding="UTF-8"?>
<!-- Generated by org.testng.reporters.JUnitReportReporter -->
<testsuite skipped="0" hostname="INBook_X1" name="TheKiranAcademy.LoginTestWithExcel" tests="1" failures="0" timestamp="05 Jun 2022 09:45:19 GMT" time="4.733" errors="0">
  <testcase name="test01" time="4.733" classname="TheKiranAcademy.LoginTestWithExcel"/>
</testsuite> <!-- TheKiranAcademy.LoginTestWithExcel -->
