<?xml version="1.0" encoding="UTF-8"?>
<!-- Generated by org.testng.reporters.JUnitReportReporter -->
<testsuite skipped="0" hostname="INBook_X1" name="TheKiranAcademy.ExcelWrite_POI" tests="1" failures="0" timestamp="08 Jun 2022 11:42:31 GMT" time="0.520" errors="0">
  <testcase name="test01" time="0.520" classname="TheKiranAcademy.ExcelWrite_POI"/>
</testsuite> <!-- TheKiranAcademy.ExcelWrite_POI -->
