<?xml version="1.0" encoding="UTF-8"?>
<!-- Generated by org.testng.reporters.JUnitReportReporter -->
<testsuite skipped="0" hostname="INBook_X1" name="TheKiranAcademy.DataProviderPOI" tests="3" failures="0" timestamp="15 Jun 2022 16:13:51 GMT" time="5.924" errors="0">
  <testcase name="loginTest" time="1.792" classname="TheKiranAcademy.DataProviderPOI"/>
  <testcase name="loginTest" time="2.487" classname="TheKiranAcademy.DataProviderPOI"/>
  <testcase name="loginTest" time="1.645" classname="TheKiranAcademy.DataProviderPOI"/>
</testsuite> <!-- TheKiranAcademy.DataProviderPOI -->
