<?xml version="1.0" encoding="UTF-8"?>
<!-- Generated by org.testng.reporters.JUnitReportReporter -->
<testsuite skipped="0" hostname="INBook_X1" name="TheKiranAcademy.ExcelRead_POI" tests="1" failures="0" timestamp="08 Jun 2022 12:09:46 GMT" time="0.514" errors="0">
  <testcase name="test01" time="0.514" classname="TheKiranAcademy.ExcelRead_POI"/>
</testsuite> <!-- TheKiranAcademy.ExcelRead_POI -->
